*** Using Compiler 'V5.06 update 7 (build 960)', folder: 'D:\Keil_v5\ARM\ARMCC\Bin'
Rebuild target 'STM32'
assembling startup_stm32f10x_md.s...
compiling core_cm3.c...
compiling misc.c...
compiling stm32f10x_bkp.c...
compiling system_stm32f10x.c...
compiling stm32f10x_can.c...
compiling stm32f10x_cec.c...
compiling stm32f10x_adc.c...
compiling stm32f10x_crc.c...
compiling stm32f10x_dbgmcu.c...
compiling stm32f10x_dac.c...
compiling stm32f10x_exti.c...
compiling stm32f10x_flash.c...
compiling stm32f10x_dma.c...
compiling stm32f10x_fsmc.c...
compiling stm32f10x_gpio.c...
compiling stm32f10x_iwdg.c...
compiling stm32f10x_pwr.c...
compiling stm32f10x_i2c.c...
compiling stm32f10x_sdio.c...
compiling stm32f10x_rtc.c...
compiling stm32f10x_rcc.c...
compiling stm32f10x_spi.c...
compiling stm32f10x_wwdg.c...
compiling delay.c...
compiling stm32f10x_usart.c...
compiling led.c...
Hardware\led.c(33): warning:  #223-D: function "delay_ms" declared implicitly
  		delay_ms(300);
Hardware\led.c(38): warning:  #223-D: function "delay_ms" declared implicitly
  		delay_ms(300);
Hardware\led.c(43): warning:  #223-D: function "delay_ms" declared implicitly
  		delay_ms(300);
Hardware\led.c(49): warning:  #223-D: function "CAN1_Send_Msg" declared implicitly
  		CAN1_Send_Msg(msg,1);
Hardware\led.c: 4 warnings, 0 errors
compiling usart.c...
compiling stm32f10x_tim.c...
compiling can.c...
compiling key.c...
compiling main.c...
linking...
Program Size: Code=3896 RO-data=268 RW-data=20 ZI-data=1652  
FromELF: creating hex file...
".\Objects\motor.axf" - 0 Error(s), 4 Warning(s).
Build Time Elapsed:  00:00:05
