*** Using Compiler 'V5.06 update 7 (build 960)', folder: 'D:\Keil_v5\ARM\ARMCC\Bin'
Rebuild target 'STM32'
assembling startup_stm32f10x_md.s...
compiling core_cm3.c...
compiling misc.c...
compiling stm32f10x_bkp.c...
compiling system_stm32f10x.c...
compiling stm32f10x_adc.c...
compiling stm32f10x_can.c...
compiling stm32f10x_cec.c...
compiling stm32f10x_crc.c...
compiling stm32f10x_dbgmcu.c...
compiling stm32f10x_dac.c...
compiling stm32f10x_dma.c...
compiling stm32f10x_exti.c...
compiling stm32f10x_fsmc.c...
compiling stm32f10x_flash.c...
compiling stm32f10x_gpio.c...
compiling stm32f10x_iwdg.c...
compiling stm32f10x_i2c.c...
compiling stm32f10x_pwr.c...
compiling stm32f10x_rtc.c...
compiling stm32f10x_rcc.c...
compiling stm32f10x_sdio.c...
compiling stm32f10x_spi.c...
compiling stm32f10x_usart.c...
compiling stm32f10x_wwdg.c...
compiling led.c...
compiling delay.c...
compiling stm32f10x_tim.c...
compiling oled.c...
compiling ultrasonsic.c...
compiling usart.c...
compiling atim.c...
Hardware\atim.h(11): warning:  #47-D: incompatible redefinition of macro "TIMx"  (declared at line 9 of "Hardware\ultrasonsic.h")
  #define TIMx           TIM3
Hardware\atim.h(12): warning:  #47-D: incompatible redefinition of macro "TIMx_CLK"  (declared at line 10 of "Hardware\ultrasonsic.h")
  #define TIMx_CLK       RCC_APB1Periph_TIM3
Hardware\atim.h(13): warning:  #47-D: incompatible redefinition of macro "TIMx_IRQn"  (declared at line 11 of "Hardware\ultrasonsic.h")
  #define TIMx_IRQn       TIM3_IRQn
Hardware\atim.h(14): warning:  #47-D: incompatible redefinition of macro "TIMx_Period"  (declared at line 12 of "Hardware\ultrasonsic.h")
  #define TIMx_Period    (10000-1)
Hardware\atim.h(15): warning:  #47-D: incompatible redefinition of macro "TIMx_Prescaler"  (declared at line 13 of "Hardware\ultrasonsic.h")
  #define TIMx_Prescaler (7200-1)
Hardware\atim.c: 5 warnings, 0 errors
compiling main.c...
user\../Hardware/atim.h(11): warning:  #47-D: incompatible redefinition of macro "TIMx"  (declared at line 9 of ".\Hardware\ultrasonsic.h")
  #define TIMx           TIM3
user\../Hardware/atim.h(12): warning:  #47-D: incompatible redefinition of macro "TIMx_CLK"  (declared at line 10 of ".\Hardware\ultrasonsic.h")
  #define TIMx_CLK       RCC_APB1Periph_TIM3
user\../Hardware/atim.h(13): warning:  #47-D: incompatible redefinition of macro "TIMx_IRQn"  (declared at line 11 of ".\Hardware\ultrasonsic.h")
  #define TIMx_IRQn       TIM3_IRQn
user\../Hardware/atim.h(14): warning:  #47-D: incompatible redefinition of macro "TIMx_Period"  (declared at line 12 of ".\Hardware\ultrasonsic.h")
  #define TIMx_Period    (10000-1)
user\../Hardware/atim.h(15): warning:  #47-D: incompatible redefinition of macro "TIMx_Prescaler"  (declared at line 13 of ".\Hardware\ultrasonsic.h")
  #define TIMx_Prescaler (7200-1)
user\main.c(53): warning:  #167-D: argument of type "char *" is incompatible with parameter of type "u8 *"
            OLED_ShowString(48,1,str,8);          /* OLEDÂ±èÊòæÁ§? */
user\main.c: 6 warnings, 0 errors
linking...
Program Size: Code=9136 RO-data=2340 RW-data=1576 ZI-data=1280  
FromELF: creating hex file...
".\Objects\motor.axf" - 0 Error(s), 11 Warning(s).
Build Time Elapsed:  00:00:04
